INFO:root:Parsed headers: ['Date', 'Conflict', 'Location', 'Russia and its allies', 'Opponent(s)', 'Result for Russia']
INFO:root:Cleaning data
INFO:root:Finished cleaning data
INFO:root:Saving data to database:warcrimes
INFO:root:Parsed headers: ['Date', 'Conflict', 'Location', 'Russia and its allies', 'Opponent(s)', 'Result for Russia']
INFO:root:Cleaning data
INFO:root:Finished cleaning data
INFO:root:Saving data to CSV: /home/olha/repos/olha-de-internship/russianwars.csv
INFO:root:Parsed headers: ['Date', 'Conflict', 'Location', 'Russia and its allies', 'Opponent(s)', 'Result for Russia']
INFO:root:Cleaning data
INFO:root:Finished cleaning data
INFO:root:Saving data to CSV: /home/olha/repos/olha-de-internship/russianwars.csv
ERROR:root:Error fetching page HTTPSConnectionPool(host='en.wikipedia.org', port=443): Max retries exceeded with url: /wiki/List_of_wars_involving_Russia (Caused by NewConnectionError('<urllib3.connection.HTTPSConnection object at 0x78ea35fbd9d0>: Failed to establish a new connection: [Errno 101] Network is unreachable'))
ERROR:root:'NoneType' object has no attribute 'find_all'
ERROR:root:Error fetching page HTTPSConnectionPool(host='en.wikipedia.org', port=443): Max retries exceeded with url: /wiki/List_of_wars_involving_Russia (Caused by NameResolutionError("<urllib3.connection.HTTPSConnection object at 0x769ab1bd2ea0>: Failed to resolve 'en.wikipedia.org' ([Errno -3] Temporary failure in name resolution)"))
ERROR:root:'NoneType' object has no attribute 'find_all'
ERROR:root:Error fetching page HTTPSConnectionPool(host='en.wikipedia.org', port=443): Max retries exceeded with url: /wiki/List_of_wars_involving_Russia (Caused by NewConnectionError('<urllib3.connection.HTTPSConnection object at 0x7f5dbba37950>: Failed to establish a new connection: [Errno 101] Network is unreachable'))
ERROR:root:'NoneType' object has no attribute 'find_all'
ERROR:root:Error fetching page HTTPSConnectionPool(host='en.wikipedia.org', port=443): Max retries exceeded with url: /wiki/List_of_wars_involving_Russia (Caused by NameResolutionError("<urllib3.connection.HTTPSConnection object at 0x75ae6d9c41d0>: Failed to resolve 'en.wikipedia.org' ([Errno -3] Temporary failure in name resolution)"))
ERROR:root:'NoneType' object has no attribute 'find_all'
INFO:root:Parsed headers: ['Date', 'Conflict', 'Location', 'Russia and its allies', 'Opponent(s)', 'Result for Russia']
INFO:root:Cleaning data
INFO:root:Finished cleaning data
INFO:root:Saving data to CSV: /home/olha/olha-de-internship/russianwars.csv
INFO:root:Saved
INFO:root:Saving data to database:warcrimes
INFO:root:Parsed headers: ['Date', 'Conflict', 'Location', 'Russia and its allies', 'Opponent(s)', 'Result for Russia']
INFO:root:Cleaning data
INFO:root:Finished cleaning data
INFO:root:Saving data to CSV: /home/olha/olha-de-internship/russianwars.csv
INFO:root:Saved
INFO:root:Saving data to database:warcrimes
INFO:root:Parsed headers: ['Date', 'Conflict', 'Location', 'Russia and its allies', 'Opponent(s)', 'Result for Russia']
INFO:root:Cleaning data
INFO:root:Finished cleaning data
INFO:root:Saving data to CSV: /home/olha/olha-de-internship/russianwars.csv
INFO:root:Saved
INFO:root:Saving data to database:warcrimes
INFO:root:Parsed headers: ['Date', 'Conflict', 'Location', 'Russia and its allies', 'Opponent(s)', 'Result for Russia']
INFO:root:Cleaning data
INFO:root:Finished cleaning data
INFO:root:Saving data to CSV: /home/olha/olha-de-internship/russianwars.csv
INFO:root:Saved
INFO:root:Parsed headers: ['Date', 'Conflict', 'Location', 'Russia and its allies', 'Opponent(s)', 'Result for Russia']
INFO:root:Cleaning data
INFO:root:Finished cleaning data
INFO:root:Saving data to CSV: /home/olha/olha-de-internship/russianwars.csv
INFO:root:Saved
INFO:root:Parsed headers: ['Date', 'Conflict', 'Location', 'Russia and its allies', 'Opponent(s)', 'Result for Russia']
INFO:root:Cleaning data
INFO:root:Finished cleaning data
INFO:root:Saving data to CSV: /home/olha/olha-de-internship/russianwars.csv
INFO:root:Saved
INFO:root:Saving data to database:warcrimes
INFO:root:Parsed headers: ['Date', 'Conflict', 'Location', 'Russia and its allies', 'Opponent(s)', 'Result for Russia']
INFO:root:Cleaning data
INFO:root:Finished cleaning data
INFO:root:Saving data to CSV: /home/olha/olha-de-internship/russianwars.csv
INFO:root:Saved
INFO:root:Saving data to database:warcrimes
INFO:root:Parsed headers: ['Date', 'Conflict', 'Location', 'Russia and its allies', 'Opponent(s)', 'Result for Russia']
INFO:root:Cleaning data
INFO:root:Finished cleaning data
INFO:root:Saving data to CSV: /home/olha/olha-de-internship/russianwars.csv
INFO:root:Saved
INFO:root:Saving data to database:warcrimes
INFO:root:Parsed headers: ['Date', 'Conflict', 'Location', 'Russia and its allies', 'Opponent(s)', 'Result for Russia']
INFO:root:Cleaning data
INFO:root:Finished cleaning data
INFO:root:Saving data to CSV: /home/olha/olha-de-internship/russianwars.csv
INFO:root:Saved
INFO:root:Saving data to database:warcrimes
INFO:root:Parsed headers: ['Date', 'Conflict', 'Location', 'Russia and its allies', 'Opponent(s)', 'Result for Russia']
INFO:root:Cleaning data
INFO:root:Finished cleaning data
INFO:root:Saving data to CSV: /home/olha/olha-de-internship/russianwars.csv
INFO:root:Saved
INFO:root:Saving data to database:warcrimes
INFO:root:Parsed headers: ['Date', 'Conflict', 'Location', 'Russia and its allies', 'Opponent(s)', 'Result for Russia']
INFO:root:Cleaning data
INFO:root:Finished cleaning data
INFO:root:Saving data to CSV: /home/olha/olha-de-internship/russianwars.csv
INFO:root:Saved
INFO:root:Saving data to database:warcrimes
INFO:root:Saved
INFO:root:Parsed headers: ['Date', 'Conflict', 'Location', 'Russia and its allies', 'Opponent(s)', 'Result for Russia']
INFO:root:Cleaning data
INFO:root:Finished cleaning data
INFO:root:Saving data to CSV: /home/olha/olha-de-internship/russianwars.csv
INFO:root:Saved
INFO:root:Saving data to database:warcrimes
INFO:root:Parsed headers: ['Date', 'Conflict', 'Location', 'Russia and its allies', 'Opponent(s)', 'Result for Russia']
INFO:root:Cleaning data
INFO:root:Finished cleaning data
INFO:root:Saving data to CSV: /home/olha/olha-de-internship/russianwars.csv
INFO:root:Saved
INFO:root:Saving data to database:warcrimes
INFO:root:Saved
INFO:root:Parsed headers: ['Date', 'Conflict', 'Location', 'Russia and its allies', 'Opponent(s)', 'Result for Russia']
INFO:root:Cleaning data
INFO:root:Finished cleaning data
INFO:root:Saving data to CSV: /home/olha/olha-de-internship/russianwars.csv
INFO:root:Saved
INFO:root:Saving data to database:warcrimes
INFO:root:Saved
